<?xml version="1.0" encoding="UTF-8"?>
<testsuite xmlns:xsi="http://www.w3.org/2001/XMLSchema-instance" xsi:noNamespaceSchemaLocation="https://maven.apache.org/surefire/maven-surefire-plugin/xsd/surefire-test-report-3.0.xsd" version="3.0" name="com.kgswitch.transforms.PGSchemaTransformerTest" time="0.233" tests="3" errors="0" skipped="0" failures="0">
  <properties>
[...]
</properties>
  <testcase name="testTransformToPGSchema" classname="com.kgswitch.transforms.PGSchemaTransformerTest" time="0.092">
    <system-out><![CDATA[Created PG node: http://schema.org/FlightReservationShape with labels: [FlightReservation]
]]></system-out>
  </testcase>
  <testcase name="testNodeTransformation" classname="com.kgswitch.transforms.PGSchemaTransformerTest" time="0.005">
    <system-out><![CDATA[Created PG node: http://schema.org/PersonShape with labels: [Person]
]]></system-out>
  </testcase>
  <testcase name="testRelationshipTransformation" classname="com.kgswitch.transforms.PGSchemaTransformerTest" time="0.024">
    <system-out><![CDATA[Created PG node: http://schema.org/FlightReservationShape with labels: [FlightReservation]
Created PG node: http://schema.org/PersonShape with labels: [Person]
Created PG edge: UNDER_NAME between http://schema.org/FlightReservationShape and http://schema.org/PersonShape
]]></system-out>
  </testcase>
</testsuite>