<?xml version="1.0" encoding="UTF-8"?>
<testsuite xmlns:xsi="http://www.w3.org/2001/XMLSchema-instance" xsi:noNamespaceSchemaLocation="https://maven.apache.org/surefire/maven-surefire-plugin/xsd/surefire-test-report-3.0.xsd" version="3.0" name="com.kgswitch.transforms.RDFSchemaTransformerTest" time="2.832" tests="3" errors="0" skipped="0" failures="0">
  <properties>
[...]
</properties>
  <testcase name="testPropertyConstraints" classname="com.kgswitch.transforms.RDFSchemaTransformerTest" time="1.905">
    <system-out><![CDATA[12:35:35.901 [main] DEBUG org.apache.jena.riot.system.stream.JenaIOEnvironment -- Failed to find configuration: location-mapping.ttl;location-mapping.rdf;etc/location-mapping.rdf;etc/location-mapping.ttl
12:35:36.364 [main] DEBUG org.apache.jena.info -- System architecture: 64 bit
12:35:37.162 [main] DEBUG org.apache.jena.riot.system.stream.StreamManager -- Not mapped: src/test/resources/flight-schema.ttl
12:35:37.173 [main] DEBUG org.apache.jena.riot.system.stream.StreamManager -- Found: src/test/resources/flight-schema.ttl (LocatorFile)
Extracted target class: http://schema.org/FlightReservation
]]></system-out>
  </testcase>
  <testcase name="testBasicSchemaTransformation" classname="com.kgswitch.transforms.RDFSchemaTransformerTest" time="0.013">
    <system-out><![CDATA[12:35:37.280 [main] DEBUG org.apache.jena.riot.system.stream.StreamManager -- Not mapped: src/test/resources/flight-schema.ttl
12:35:37.280 [main] DEBUG org.apache.jena.riot.system.stream.StreamManager -- Found: src/test/resources/flight-schema.ttl (LocatorFile)
Extracted target class: http://schema.org/FlightReservation
]]></system-out>
  </testcase>
  <testcase name="testSHACLValidation" classname="com.kgswitch.transforms.RDFSchemaTransformerTest" time="0.903">
    <system-out><![CDATA[12:35:37.298 [main] DEBUG org.apache.jena.riot.system.stream.StreamManager -- Not mapped: src/test/resources/flight-instance.ttl
12:35:37.299 [main] DEBUG org.apache.jena.riot.system.stream.StreamManager -- Found: src/test/resources/flight-instance.ttl (LocatorFile)
12:35:38.130 [main] DEBUG org.apache.jena.shared.LockMRSW -- Lock : main
12:35:38.138 [main] DEBUG org.apache.jena.shared.LockMRSW -- Lock : main
]]></system-out>
  </testcase>
</testsuite>