<?xml version="1.0" encoding="UTF-8"?>
<testsuite xmlns:xsi="http://www.w3.org/2001/XMLSchema-instance" xsi:noNamespaceSchemaLocation="https://maven.apache.org/surefire/maven-surefire-plugin/xsd/surefire-test-report-3.0.xsd" version="3.0" name="com.kgswitch.transforms.SchemaTransformationServiceTest" time="0.758" tests="1" errors="0" skipped="0" failures="0">
  <properties>
[...]
</properties>
  <testcase name="testFlightSchemaTransformation" classname="com.kgswitch.transforms.SchemaTransformationServiceTest" time="0.755">
    <system-out><![CDATA[Test setup complete. Schema file created at: C:\Users\danim\Desktop\KGSwitch\kgswitch\src\test\resources\watch\flight-schema.ttl
Starting transformation for schema: C:\Users\danim\Desktop\KGSwitch\kgswitch\src\test\resources\watch\flight-schema.ttl
21:54:52.767 [main] DEBUG org.apache.jena.riot.system.stream.StreamManager -- Not mapped: C:\Users\danim\Desktop\KGSwitch\kgswitch\src\test\resources\watch\flight-schema.ttl
21:54:52.775 [main] DEBUG org.apache.jena.riot.system.stream.StreamManager -- Found: C:\Users\danim\Desktop\KGSwitch\kgswitch\src\test\resources\watch\flight-schema.ttl (LocatorFile)
Created node: Organization with class: Organization
Created node: Person with class: Person
Created node: Flight with class: Flight
Created node: FlightReservation with class: FlightReservation
Created node: Airport with class: Airport
Processing relationship: memberOf
Found nested property: role
Added property constraint: role to relationship: memberOf
Found nested property: startDate
Added property constraint: startDate to relationship: memberOf
Added relationship: memberOf with 2 properties
Processing relationship: arrivalAirport
Found nested property: gate
Added property constraint: gate to relationship: arrivalAirport
Found nested property: terminal
Added property constraint: terminal to relationship: arrivalAirport
Found nested property: scheduledTime
Added property constraint: scheduledTime to relationship: arrivalAirport
Added relationship: arrivalAirport with 3 properties
Processing relationship: departureAirport
Found nested property: gate
Added property constraint: gate to relationship: departureAirport
Found nested property: terminal
Added property constraint: terminal to relationship: departureAirport
Found nested property: scheduledTime
Added property constraint: scheduledTime to relationship: departureAirport
Added relationship: departureAirport with 3 properties
Processing relationship: reservationFor
Found nested property: ticketNumber
Added property constraint: ticketNumber to relationship: reservationFor
Found nested property: seatNumber
Added property constraint: seatNumber to relationship: reservationFor
Added relationship: reservationFor with 2 properties
Processing relationship: underName
Found nested property: bookingAgent
Added property constraint: bookingAgent to relationship: underName
Found nested property: bookingTime
Added property constraint: bookingTime to relationship: underName
Added relationship: underName with 2 properties
RDF Statement Graph contains 5 nodes and 5 edges
PG Statement Graph contains 20 nodes and 0 edges
Starting PG Schema transformation with 20 nodes
Processing statement: prop_stmt_FlightReservation_reservationId
Labels: [PropertyStatement]
Properties: {predicate=reservationId, datatype=http://www.w3.org/2001/XMLSchema#string, subject=FlightReservation, minCount=1, maxCount=1}
Processing statement: prop_stmt_Person_givenName
Labels: [PropertyStatement]
Properties: {predicate=givenName, datatype=http://www.w3.org/2001/XMLSchema#string, subject=Person, minCount=1, maxCount=-1}
Processing statement: type_stmt_FlightReservation
Labels: [TypeStatement]
Properties: {predicate=type, subject=FlightReservation, object=http://schema.org/FlightReservation}
Created node: FlightReservation with label: http://schema.org/FlightReservation
Processing statement: rel_Person_memberof
Labels: [EdgeStatement]
Properties: {predicate=memberof, subject=Person, minCount=0, object=Organization}
Processing statement: prop_stmt_FlightReservation_reservationStatus
Labels: [PropertyStatement]
Properties: {predicate=reservationStatus, datatype=http://www.w3.org/2001/XMLSchema#string, subject=FlightReservation, minCount=1, maxCount=-1}
Processing statement: prop_stmt_Organization_legalName
Labels: [PropertyStatement]
Properties: {predicate=legalName, datatype=http://www.w3.org/2001/XMLSchema#string, subject=Organization, minCount=1, maxCount=-1}
Processing statement: prop_stmt_Airport_iataCode
Labels: [PropertyStatement]
Properties: {predicate=iataCode, datatype=http://www.w3.org/2001/XMLSchema#string, subject=Airport, minCount=1, maxCount=1}
Processing statement: type_stmt_Flight
Labels: [TypeStatement]
Properties: {predicate=type, subject=Flight, object=http://schema.org/Flight}
Created node: Flight with label: http://schema.org/Flight
Processing statement: rel_FlightReservation_reservationfor
Labels: [EdgeStatement]
Properties: {predicate=reservationfor, subject=FlightReservation, minCount=1, maxCount=1, object=Flight}
Processing statement: rel_Flight_arrivalairport
Labels: [EdgeStatement]
Properties: {predicate=arrivalairport, subject=Flight, minCount=1, maxCount=1, object=Airport}
Processing statement: type_stmt_Person
Labels: [TypeStatement]
Properties: {predicate=type, subject=Person, object=http://schema.org/Person}
Created node: Person with label: http://schema.org/Person
Processing statement: prop_stmt_Airport_name
Labels: [PropertyStatement]
Properties: {predicate=name, datatype=http://www.w3.org/2001/XMLSchema#string, subject=Airport, minCount=1, maxCount=-1}
Processing statement: prop_stmt_Organization_name
Labels: [PropertyStatement]
Properties: {predicate=name, datatype=http://www.w3.org/2001/XMLSchema#string, subject=Organization, minCount=1, maxCount=-1}
Processing statement: prop_stmt_Person_email
Labels: [PropertyStatement]
Properties: {predicate=email, datatype=http://www.w3.org/2001/XMLSchema#string, subject=Person, minCount=1, maxCount=1}
Processing statement: type_stmt_Organization
Labels: [TypeStatement]
Properties: {predicate=type, subject=Organization, object=http://schema.org/Organization}
Created node: Organization with label: http://schema.org/Organization
Processing statement: prop_stmt_Flight_flightNumber
Labels: [PropertyStatement]
Properties: {predicate=flightNumber, datatype=http://www.w3.org/2001/XMLSchema#string, subject=Flight, minCount=1, maxCount=1}
Processing statement: rel_Flight_departureairport
Labels: [EdgeStatement]
Properties: {predicate=departureairport, subject=Flight, minCount=1, maxCount=1, object=Airport}
Processing statement: prop_stmt_Person_familyName
Labels: [PropertyStatement]
Properties: {predicate=familyName, datatype=http://www.w3.org/2001/XMLSchema#string, subject=Person, minCount=1, maxCount=-1}
Processing statement: rel_FlightReservation_undername
Labels: [EdgeStatement]
Properties: {predicate=undername, subject=FlightReservation, minCount=1, maxCount=1, object=Person}
Processing statement: type_stmt_Airport
Labels: [TypeStatement]
Properties: {predicate=type, subject=Airport, object=http://schema.org/Airport}
Created node: Airport with label: http://schema.org/Airport
After type statements: 5 nodes
After property statements: 5 nodes
Transferring property constraint from statement: role
Transferring property constraint from statement: startDate
Added edge with 2 property constraints: [role, startDate]
Transferring property constraint from statement: ticketNumber
Transferring property constraint from statement: seatNumber
Added edge with 2 property constraints: [ticketNumber, seatNumber]
Transferring property constraint from statement: scheduledTime
Transferring property constraint from statement: gate
Transferring property constraint from statement: terminal
Added edge with 3 property constraints: [scheduledTime, gate, terminal]
Transferring property constraint from statement: scheduledTime
Transferring property constraint from statement: gate
Transferring property constraint from statement: terminal
Added edge with 3 property constraints: [scheduledTime, gate, terminal]
Transferring property constraint from statement: bookingAgent
Transferring property constraint from statement: bookingTime
Added edge with 2 property constraints: [bookingAgent, bookingTime]
After relationship statements: 5 nodes
Final node map size: 5
Final schema nodes: 5
PG Schema contains 5 nodes and 5 edges
DEBUG: JsonSchemaGenerator - Processing relationship: reservationfor
Property constraints: {ticketNumber=com.kgswitch.models.constraints.PropertyConstraint@7a639ec5, seatNumber=com.kgswitch.models.constraints.PropertyConstraint@14151bc5}
DEBUG: JsonSchemaGenerator - Processing relationship: arrivalairport
Property constraints: {scheduledTime=com.kgswitch.models.constraints.PropertyConstraint@2a49fe, gate=com.kgswitch.models.constraints.PropertyConstraint@66596a88, terminal=com.kgswitch.models.constraints.PropertyConstraint@5aae8eb5}
DEBUG: JsonSchemaGenerator - Processing relationship: undername
Property constraints: {bookingAgent=com.kgswitch.models.constraints.PropertyConstraint@76954a33, bookingTime=com.kgswitch.models.constraints.PropertyConstraint@24a298a6}
DEBUG: JsonSchemaGenerator - Processing relationship: departureairport
Property constraints: {scheduledTime=com.kgswitch.models.constraints.PropertyConstraint@982bb90, gate=com.kgswitch.models.constraints.PropertyConstraint@27f74733, terminal=com.kgswitch.models.constraints.PropertyConstraint@7bef452c}
DEBUG: JsonSchemaGenerator - Processing relationship: memberof
Property constraints: {role=com.kgswitch.models.constraints.PropertyConstraint@4bb8855f, startDate=com.kgswitch.models.constraints.PropertyConstraint@57fae983}
Transformation completed successfully. Files should be created.

=== Full JSON Schema ===
{
  "nodes" : [ {
    "label" : "http://schema.org/Person",
    "properties" : {
      "givenName" : {
        "type" : "String",
        "minCount" : 1
      },
      "familyName" : {
        "type" : "String",
        "minCount" : 1
      },
      "email" : {
        "type" : "String",
        "minCount" : 1,
        "maxCount" : 1
      }
    }
  }, {
    "label" : "http://schema.org/Flight",
    "properties" : {
      "flightNumber" : {
        "type" : "String",
        "minCount" : 1,
        "maxCount" : 1
      }
    }
  }, {
    "label" : "http://schema.org/Airport",
    "properties" : {
      "iataCode" : {
        "type" : "String",
        "minCount" : 1,
        "maxCount" : 1
      },
      "name" : {
        "type" : "String",
        "minCount" : 1
      }
    }
  }, {
    "label" : "http://schema.org/Organization",
    "properties" : {
      "legalName" : {
        "type" : "String",
        "minCount" : 1
      },
      "name" : {
        "type" : "String",
        "minCount" : 1
      }
    }
  }, {
    "label" : "http://schema.org/FlightReservation",
    "properties" : {
      "reservationId" : {
        "type" : "String",
        "minCount" : 1,
        "maxCount" : 1
      },
      "reservationStatus" : {
        "type" : "String",
        "minCount" : 1
      }
    }
  } ],
  "relationships" : [ {
    "type" : "reservationfor",
    "source" : "http://schema.org/FlightReservation",
    "target" : "http://schema.org/Flight",
    "properties" : {
      "ticketNumber" : {
        "type" : "String",
        "minCount" : 1
      },
      "seatNumber" : {
        "type" : "String",
        "minCount" : 1
      }
    }
  }, {
    "type" : "arrivalairport",
    "source" : "http://schema.org/Flight",
    "target" : "http://schema.org/Airport",
    "properties" : {
      "scheduledTime" : {
        "type" : "DateTime",
        "minCount" : 1
      },
      "gate" : {
        "type" : "String",
        "maxCount" : 1
      },
      "terminal" : {
        "type" : "String",
        "minCount" : 1
      }
    }
  }, {
    "type" : "undername",
    "source" : "http://schema.org/FlightReservation",
    "target" : "http://schema.org/Person",
    "properties" : {
      "bookingAgent" : {
        "type" : "String",
        "maxCount" : 1
      },
      "bookingTime" : {
        "type" : "DateTime",
        "minCount" : 1
      }
    }
  }, {
    "type" : "departureairport",
    "source" : "http://schema.org/Flight",
    "target" : "http://schema.org/Airport",
    "properties" : {
      "scheduledTime" : {
        "type" : "DateTime",
        "minCount" : 1
      },
      "gate" : {
        "type" : "String",
        "maxCount" : 1
      },
      "terminal" : {
        "type" : "String",
        "minCount" : 1
      }
    }
  }, {
    "type" : "memberof",
    "source" : "http://schema.org/Person",
    "target" : "http://schema.org/Organization",
    "properties" : {
      "role" : {
        "type" : "String",
        "minCount" : 1
      },
      "startDate" : {
        "type" : "Date",
        "minCount" : 1
      }
    }
  } ]
}

=== Relationships Debug ===
Total relationships found: 5

Relationship Details:
Type: reservationfor
Source: http://schema.org/FlightReservation
Target: http://schema.org/Flight
Properties:
  - ticketNumber:
    Type: "String"
    MinCount: 1
  - seatNumber:
    Type: "String"
    MinCount: 1

Relationship Details:
Type: arrivalairport
Source: http://schema.org/Flight
Target: http://schema.org/Airport
Properties:
  - scheduledTime:
    Type: "DateTime"
    MinCount: 1
  - gate:
    Type: "String"
    MaxCount: 1
  - terminal:
    Type: "String"
    MinCount: 1

Relationship Details:
Type: undername
Source: http://schema.org/FlightReservation
Target: http://schema.org/Person
Properties:
  - bookingAgent:
    Type: "String"
    MaxCount: 1
  - bookingTime:
    Type: "DateTime"
    MinCount: 1

Relationship Details:
Type: departureairport
Source: http://schema.org/Flight
Target: http://schema.org/Airport
Properties:
  - scheduledTime:
    Type: "DateTime"
    MinCount: 1
  - gate:
    Type: "String"
    MaxCount: 1
  - terminal:
    Type: "String"
    MinCount: 1

Relationship Details:
Type: memberof
Source: http://schema.org/Person
Target: http://schema.org/Organization
Properties:
  - role:
    Type: "String"
    MinCount: 1
  - startDate:
    Type: "Date"
    MinCount: 1

=== Verifying Specific Relationships ===

Found underName relationship:
Checking underName properties:
bookingTime details: {"type":"DateTime","minCount":1}
bookingAgent details: {"type":"String","maxCount":1}
]]></system-out>
  </testcase>
</testsuite>