<?xml version="1.0" encoding="UTF-8"?>
<testsuite xmlns:xsi="http://www.w3.org/2001/XMLSchema-instance" xsi:noNamespaceSchemaLocation="https://maven.apache.org/surefire/maven-surefire-plugin/xsd/surefire-test-report-3.0.xsd" version="3.0" name="com.kgswitch.transforms.StatementGraphTransformerTest" time="0.041" tests="5" errors="0" skipped="0" failures="0">
  <properties>
[...]
</properties>
  <testcase name="testComplexPropertyConstraints" classname="com.kgswitch.transforms.StatementGraphTransformerTest" time="0.009">
    <system-out><![CDATA[
=== Starting New Test ===

=== Testing Complex Property Constraints ===
Created source node with complex constraints:
  ID: Flight
  Properties:
    passengers: min=0, max=-1
    flightNumber: min=1, max=1
Starting PG Schema transformation with 1 nodes
Transforming node: Flight
  Labels: [Flight]
  Properties: {}
Copying label: Flight
Copying constraint: passengers
Copying constraint: flightNumber
Created PG Schema with 1 nodes
Transformed node constraints:
    passengers: min=0, max=-1
    flightNumber: min=1, max=1
]]></system-out>
  </testcase>
  <testcase name="testEdgePropertyPreservation" classname="com.kgswitch.transforms.StatementGraphTransformerTest" time="0.016">
    <system-out><![CDATA[
=== Starting New Test ===

=== Testing Edge Property Preservation ===
Created source nodes:
  Flight: Flight with labels: [Flight]
  Airport: Airport with labels: [Airport]
Created edge with properties:
  ID: DEPARTS
  Properties:
    scheduledTime: type=DateTime, min=1, max=1
    gate: type=String, min=0, max=1
Starting PG Schema transformation with 2 nodes
Transforming node: Airport
  Labels: [Airport]
  Properties: {}
Copying label: Airport
Transforming node: Flight
  Labels: [Flight]
  Properties: {}
Copying label: Flight
Created PG Schema with 2 nodes
Transforming edge: DEPARTS
  Copied edge constraint: scheduledTime
  Copied edge constraint: gate
  Added edge: DEPARTS with 2 property constraints
Transformed edge properties:
    scheduledTime: type=DateTime, min=1, max=1
    gate: type=String, min=0, max=1
]]></system-out>
  </testcase>
  <testcase name="testNestedProperties" classname="com.kgswitch.transforms.StatementGraphTransformerTest" time="0.003">
    <system-out><![CDATA[
=== Starting New Test ===

=== Testing Nested Properties ===
Created source node with nested properties:
  ID: Airport
  Nested properties:
    address_street: type=String, min=1, max=1
    address_city: type=String, min=1, max=1
Starting PG Schema transformation with 1 nodes
Transforming node: Airport
  Labels: [Airport]
  Properties: {}
Copying label: Airport
Copying constraint: address_street
Copying constraint: address_city
Created PG Schema with 1 nodes
Transformed node nested properties:
    address_street: type=String, min=1, max=1
    address_city: type=String, min=1, max=1
]]></system-out>
  </testcase>
  <testcase name="testEdgeTransformation" classname="com.kgswitch.transforms.StatementGraphTransformerTest" time="0.001">
    <system-out><![CDATA[
=== Starting New Test ===

=== Testing Edge Transformation ===
Created source nodes:
  Person: Person with labels: [Person]
  Organization: Organization with labels: [Organization]
Created edge:
  ID: WORKS_AT
  Label: worksAt
  Properties: {startDate=com.kgswitch.models.constraints.PropertyConstraint@51e0301d}
Starting PG Schema transformation with 2 nodes
Transforming node: Person
  Labels: [Person]
  Properties: {}
Copying label: Person
Transforming node: Organization
  Labels: [Organization]
  Properties: {}
Copying label: Organization
Created PG Schema with 2 nodes
Transforming edge: WORKS_AT
  Copied edge constraint: startDate
  Added edge: WORKS_AT with 1 property constraints
Transformed edge:
  ID: WORKS_AT
  Label: worksAt
  Properties: {startDate=com.kgswitch.models.constraints.PropertyConstraint@5f303ecd}
]]></system-out>
  </testcase>
  <testcase name="testBasicNodeTransformation" classname="com.kgswitch.transforms.StatementGraphTransformerTest" time="0.004">
    <system-out><![CDATA[
=== Starting New Test ===

=== Testing Basic Node Transformation ===
Created source node:
  ID: Person
  Labels: [Person]
  Properties: {name=com.kgswitch.models.constraints.PropertyConstraint@25a73de1}
Starting PG Schema transformation with 1 nodes
Transforming node: Person
  Labels: [Person]
  Properties: {}
Copying label: Person
Copying constraint: name
Created PG Schema with 1 nodes
Transformed node:
  ID: Person
  Labels: [Person]
  Properties: {name=com.kgswitch.models.constraints.PropertyConstraint@771db12c}
]]></system-out>
  </testcase>
</testsuite>